<?xml version="1.0" encoding="UTF-8"?>
<!-- Generated by org.testng.reporters.JUnitReportReporter -->
<testsuite hostname="DESKTOP-N3GK8DL" failures="0" tests="1" name="Tests.AdminPage" time="2.767" errors="0" timestamp="2025-05-03T16:36:54 IST" skipped="0">
  <testcase classname="Tests.AdminPage" name="Login" time="2.767"/>
  <system-out/>
</testsuite> <!-- Tests.AdminPage -->
