<?xml version="1.0" encoding="UTF-8"?>
<!-- Generated by org.testng.reporters.JUnitReportReporter -->
<testsuite hostname="DESKTOP-N3GK8DL" failures="0" tests="1" name="Pages.AdminPage" time="1.920" errors="0" timestamp="2025-05-01T19:23:23 IST" skipped="0">
  <testcase classname="Pages.AdminPage" name="returntohome" time="1.920"/>
  <system-out/>
</testsuite> <!-- Pages.AdminPage -->
